<?xml version="1.0" encoding="UTF-8"?>
<!-- Generated by org.testng.reporters.JUnitXMLReporter -->
<testsuite ignored="0" hostname="DESKTOP-3IDCSOL" failures="0" tests="1" name="chromeTest" time="0.147" errors="0" timestamp="2022-06-20T04:30:39 IST">
  <testcase classname="POM_Framewok_dynamic.test_NG_POM_crossbrowser" name="@BeforeClass launchBrowser" time="-1.655679638902E9">
    <failure type="org.testng.TestNGException" message="
Can inject only one of &amp;lt;ITestContext, XmlTest&amp;gt; into a @BeforeClass annotated launchBrowser.
For more information on native dependency injection please refer to https://testng.org/doc/documentation-main.html#native-dependency-injection">
      <![CDATA[org.testng.TestNGException: 
Can inject only one of <ITestContext, XmlTest> into a @BeforeClass annotated launchBrowser.
For more information on native dependency injection please refer to https://testng.org/doc/documentation-main.html#native-dependency-injection
at java.base/java.util.ArrayList.forEach(ArrayList.java:1541)
at java.base/java.util.concurrent.FutureTask.run(FutureTask.java:264)
at java.base/java.util.concurrent.ThreadPoolExecutor.runWorker(ThreadPoolExecutor.java:1128)
at java.base/java.util.concurrent.ThreadPoolExecutor$Worker.run(ThreadPoolExecutor.java:628)
at java.base/java.lang.Thread.run(Thread.java:834)
... Removed 13 stack frames]]>
    </failure>
  </testcase> <!-- @BeforeClass launchBrowser -->
  <testcase classname="POM_Framewok_dynamic.test_NG_POM_crossbrowser" name="@BeforeClass launchBrowser" time="-1.655679638902E9">
    <failure type="org.testng.TestNGException" message="
Can inject only one of &amp;lt;ITestContext, XmlTest&amp;gt; into a @BeforeClass annotated launchBrowser.
For more information on native dependency injection please refer to https://testng.org/doc/documentation-main.html#native-dependency-injection">
      <![CDATA[org.testng.TestNGException: 
Can inject only one of <ITestContext, XmlTest> into a @BeforeClass annotated launchBrowser.
For more information on native dependency injection please refer to https://testng.org/doc/documentation-main.html#native-dependency-injection
at java.base/java.util.ArrayList.forEach(ArrayList.java:1541)
at java.base/java.util.concurrent.FutureTask.run(FutureTask.java:264)
at java.base/java.util.concurrent.ThreadPoolExecutor.runWorker(ThreadPoolExecutor.java:1128)
at java.base/java.util.concurrent.ThreadPoolExecutor$Worker.run(ThreadPoolExecutor.java:628)
at java.base/java.lang.Thread.run(Thread.java:834)
... Removed 13 stack frames]]>
    </failure>
  </testcase> <!-- @BeforeClass launchBrowser -->
  <testcase classname="POM_Framewok_dynamic.test_NG_POM_crossbrowser" name="@BeforeMethod loginToKite" time="-1.655679638955E9">
    <skipped/>
  </testcase> <!-- @BeforeMethod loginToKite -->
  <testcase classname="POM_Framewok_dynamic.test_NG_POM_crossbrowser" name="@BeforeMethod loginToKite" time="-1.655679638955E9">
    <skipped/>
  </testcase> <!-- @BeforeMethod loginToKite -->
  <testcase classname="POM_Framewok_dynamic.test_NG_POM_crossbrowser" name="@AfterMethod logOutFromKiteApp" time="-1.655679638986E9">
    <skipped/>
  </testcase> <!-- @AfterMethod logOutFromKiteApp -->
  <testcase classname="POM_Framewok_dynamic.test_NG_POM_crossbrowser" name="@AfterClass closeBrowser" time="-1.655679638986E9">
    <skipped/>
  </testcase> <!-- @AfterClass closeBrowser -->
  <testcase classname="POM_Framewok_dynamic.test_NG_POM_crossbrowser" name="@AfterMethod logOutFromKiteApp" time="-1.655679639002E9">
    <skipped/>
  </testcase> <!-- @AfterMethod logOutFromKiteApp -->
  <testcase classname="POM_Framewok_dynamic.test_NG_POM_crossbrowser" name="@AfterClass closeBrowser" time="-1.655679639002E9">
    <skipped/>
  </testcase> <!-- @AfterClass closeBrowser -->
  <testcase classname="POM_Framewok_dynamic.test_NG_POM_crossbrowser" name="verifyKiteUserName" time="0.0">
    <skipped/>
  </testcase> <!-- verifyKiteUserName -->
</testsuite> <!-- chromeTest -->
