<?xml version="1.0" encoding="UTF-8"?>
<!-- Generated by org.testng.reporters.JUnitXMLReporter -->
<testsuite ignored="3" hostname="DESKTOP-3IDCSOL" failures="1" tests="2" name="Test(failed)" time="0.099" errors="0" timestamp="2022-06-14T18:26:54 GMT-08:00">
  <testcase classname="test_NG_XMLstudy.failmethodclass" name="Method6" time="0.013"/>
  <testcase classname="test_NG_XMLstudy.failmethodclass" name="Method10" time="0.004">
    <failure type="java.lang.AssertionError" message="null">
      <![CDATA[java.lang.AssertionError: null
at test_NG_XMLstudy.failmethodclass.Method10(failmethodclass.java:37)
at java.base/java.util.ArrayList.forEach(ArrayList.java:1541)
... Removed 29 stack frames]]>
    </failure>
  </testcase> <!-- Method10 -->
  <testcase classname="test_NG_XMLstudy.failmethodclass" name="Method7" time="0.0">
    <ignored/>
  </testcase> <!-- Method7 -->
  <testcase classname="test_NG_XMLstudy.failmethodclass" name="Method9" time="0.0">
    <ignored/>
  </testcase> <!-- Method9 -->
  <testcase classname="test_NG_XMLstudy.failmethodclass" name="Method8" time="0.0">
    <ignored/>
  </testcase> <!-- Method8 -->
</testsuite> <!-- Test(failed) -->
