<?xml version="1.0" encoding="UTF-8"?>
<testng-results ignored="0" total="1" passed="1" failed="0" skipped="0">
  <reporter-output>
    <line>
      <![CDATA[lauching url]]>
    </line>
    <line>
      <![CDATA[Sending Username]]>
    </line>
    <line>
      <![CDATA[Sending Password]]>
    </line>
    <line>
      <![CDATA[Clicking on login button]]>
    </line>
    <line>
      <![CDATA[Sending PIN]]>
    </line>
    <line>
      <![CDATA[Clicking on continue button]]>
    </line>
    <line>
      <![CDATA[Validating user ID ]]>
    </line>
    <line>
      <![CDATA[Expected UserID and Actual UserID are matching TC is PASSED]]>
    </line>
    <line>
      <![CDATA[Logging out.......]]>
    </line>
    <line>
      <![CDATA[closing browser]]>
    </line>
  </reporter-output>
  <suite started-at="2022-06-24T23:23:01 IST" name="Suite" finished-at="2022-06-24T23:23:11 IST" duration-ms="10196">
    <groups>
    </groups>
    <test started-at="2022-06-24T23:23:01 IST" name="Test" finished-at="2022-06-24T23:23:11 IST" duration-ms="10196">
      <class name="POM_Framewok_dynamic.test_NG_POM_crossbrowser">
        <test-method is-config="true" signature="launchBrowser(java.lang.String)[pri:0, instance:POM_Framewok_dynamic.test_NG_POM_crossbrowser@229c6181]" started-at="2022-06-24T23:23:01 IST" name="launchBrowser" finished-at="2022-06-24T23:23:07 IST" duration-ms="6374" status="PASS">
          <params>
            <param index="0">
              <value>
                <![CDATA[chrome]]>
              </value>
            </param>
          </params>
          <reporter-output>
            <line>
              <![CDATA[lauching url]]>
            </line>
          </reporter-output>
        </test-method> <!-- launchBrowser -->
        <test-method is-config="true" signature="loginToKite()[pri:0, instance:POM_Framewok_dynamic.test_NG_POM_crossbrowser@229c6181]" started-at="2022-06-24T23:23:07 IST" name="loginToKite" finished-at="2022-06-24T23:23:08 IST" duration-ms="638" status="PASS">
          <reporter-output>
            <line>
              <![CDATA[Sending Username]]>
            </line>
            <line>
              <![CDATA[Sending Password]]>
            </line>
            <line>
              <![CDATA[Clicking on login button]]>
            </line>
            <line>
              <![CDATA[Sending PIN]]>
            </line>
            <line>
              <![CDATA[Clicking on continue button]]>
            </line>
          </reporter-output>
        </test-method> <!-- loginToKite -->
        <test-method signature="verifyKiteUserName()[pri:0, instance:POM_Framewok_dynamic.test_NG_POM_crossbrowser@229c6181]" started-at="2022-06-24T23:23:08 IST" name="verifyKiteUserName" finished-at="2022-06-24T23:23:10 IST" duration-ms="2127" status="PASS">
          <reporter-output>
            <line>
              <![CDATA[Validating user ID ]]>
            </line>
            <line>
              <![CDATA[Expected UserID and Actual UserID are matching TC is PASSED]]>
            </line>
          </reporter-output>
        </test-method> <!-- verifyKiteUserName -->
        <test-method is-config="true" signature="logOutFromKiteApp()[pri:0, instance:POM_Framewok_dynamic.test_NG_POM_crossbrowser@229c6181]" started-at="2022-06-24T23:23:10 IST" name="logOutFromKiteApp" finished-at="2022-06-24T23:23:11 IST" duration-ms="961" status="PASS">
          <reporter-output>
            <line>
              <![CDATA[Logging out.......]]>
            </line>
          </reporter-output>
        </test-method> <!-- logOutFromKiteApp -->
        <test-method is-config="true" signature="closeBrowser()[pri:0, instance:POM_Framewok_dynamic.test_NG_POM_crossbrowser@229c6181]" started-at="2022-06-24T23:23:11 IST" name="closeBrowser" finished-at="2022-06-24T23:23:11 IST" duration-ms="15" status="PASS">
          <reporter-output>
            <line>
              <![CDATA[closing browser]]>
            </line>
          </reporter-output>
        </test-method> <!-- closeBrowser -->
      </class> <!-- POM_Framewok_dynamic.test_NG_POM_crossbrowser -->
    </test> <!-- Test -->
  </suite> <!-- Suite -->
</testng-results>
